C:\Users\Michael\Desktop\Paragon Software\JDSUzipReader\Debug\cl.command.1.tlog
C:\Users\Michael\Desktop\Paragon Software\JDSUzipReader\Debug\CL.read.1.tlog
C:\Users\Michael\Desktop\Paragon Software\JDSUzipReader\Debug\CL.write.1.tlog
C:\USERS\MICHAEL\DESKTOP\PARAGON SOFTWARE\JDSUZIPREADER\DEBUG\JDSUZIPREADER.EXE
C:\USERS\MICHAEL\DESKTOP\PARAGON SOFTWARE\JDSUZIPREADER\DEBUG\JDSUZIPREADER.EXE.EMBED.MANIFEST
C:\USERS\MICHAEL\DESKTOP\PARAGON SOFTWARE\JDSUZIPREADER\DEBUG\JDSUZIPREADER.EXE.EMBED.MANIFEST.RES
C:\USERS\MICHAEL\DESKTOP\PARAGON SOFTWARE\JDSUZIPREADER\DEBUG\JDSUZIPREADER.EXE.INTERMEDIATE.MANIFEST
C:\USERS\MICHAEL\DESKTOP\PARAGON SOFTWARE\JDSUZIPREADER\DEBUG\JDSUZIPREADER.ILK
C:\USERS\MICHAEL\DESKTOP\PARAGON SOFTWARE\JDSUZIPREADER\DEBUG\JDSUZIPREADER.OBJ
C:\USERS\MICHAEL\DESKTOP\PARAGON SOFTWARE\JDSUZIPREADER\DEBUG\JDSUZIPREADER.PCH
C:\USERS\MICHAEL\DESKTOP\PARAGON SOFTWARE\JDSUZIPREADER\DEBUG\JDSUZIPREADER.PDB
C:\Users\Michael\Desktop\Paragon Software\JDSUzipReader\Debug\JDSUzipReader.write.1.tlog
C:\Users\Michael\Desktop\Paragon Software\JDSUzipReader\Debug\JDSUzipReader_manifest.rc
C:\Users\Michael\Desktop\Paragon Software\JDSUzipReader\Debug\link.5524.read.1.tlog
C:\Users\Michael\Desktop\Paragon Software\JDSUzipReader\Debug\link.5524.write.1.tlog
C:\Users\Michael\Desktop\Paragon Software\JDSUzipReader\Debug\link.5524-cvtres.read.1.tlog
C:\Users\Michael\Desktop\Paragon Software\JDSUzipReader\Debug\link.5524-cvtres.write.1.tlog
C:\Users\Michael\Desktop\Paragon Software\JDSUzipReader\Debug\link.5744.read.1.tlog
C:\Users\Michael\Desktop\Paragon Software\JDSUzipReader\Debug\link.5744.write.1.tlog
C:\Users\Michael\Desktop\Paragon Software\JDSUzipReader\Debug\link.5744-cvtres.read.1.tlog
C:\Users\Michael\Desktop\Paragon Software\JDSUzipReader\Debug\link.5744-cvtres.write.1.tlog
C:\Users\Michael\Desktop\Paragon Software\JDSUzipReader\Debug\link.command.1.tlog
C:\Users\Michael\Desktop\Paragon Software\JDSUzipReader\Debug\link.read.1.tlog
C:\Users\Michael\Desktop\Paragon Software\JDSUzipReader\Debug\link.write.1.tlog
C:\Users\Michael\Desktop\Paragon Software\JDSUzipReader\Debug\link-cvtres.read.1.tlog
C:\Users\Michael\Desktop\Paragon Software\JDSUzipReader\Debug\link-cvtres.write.1.tlog
C:\Users\Michael\Desktop\Paragon Software\JDSUzipReader\Debug\mt.command.1.tlog
C:\Users\Michael\Desktop\Paragon Software\JDSUzipReader\Debug\mt.read.1.tlog
C:\Users\Michael\Desktop\Paragon Software\JDSUzipReader\Debug\mt.write.1.tlog
C:\Users\Michael\Desktop\Paragon Software\JDSUzipReader\Debug\rc.command.1.tlog
C:\Users\Michael\Desktop\Paragon Software\JDSUzipReader\Debug\rc.read.1.tlog
C:\Users\Michael\Desktop\Paragon Software\JDSUzipReader\Debug\rc.write.1.tlog
C:\USERS\MICHAEL\DESKTOP\PARAGON SOFTWARE\JDSUZIPREADER\DEBUG\STDAFX.OBJ
C:\Users\Michael\Desktop\Paragon Software\JDSUzipReader\Debug\vc100.idb
C:\USERS\MICHAEL\DESKTOP\PARAGON SOFTWARE\JDSUZIPREADER\DEBUG\VC100.PDB
